C51 COMPILER V9.01   DELAY                                                                 05/04/2021 19:11:50 PAGE 1   


C51 COMPILER V9.01, COMPILATION OF MODULE DELAY
OBJECT MODULE PLACED IN Delay.OBJ
COMPILER INVOKED BY: D:\Èí¼þ\keil\C51\BIN\C51.EXE Delay.c BROWSE DEBUG OBJECTEXTEND

line level    source

   1          #include "Delay.h"
   2          
   3          void Delay(unsigned char x)
   4          {
   5   1              unsigned char i, j;
   6   1              while(x)
   7   1              {
   8   2                      _nop_();
   9   2                      i=2;
  10   2                      j=199;
  11   2                      do
  12   2                      {
  13   3                              while(--j);
  14   3                      }while(--i);
  15   2                      --x;
  16   2              }
  17   1      }


MODULE INFORMATION:   STATIC OVERLAYABLE
   CODE SIZE        =     16    ----
   CONSTANT SIZE    =   ----    ----
   XDATA SIZE       =   ----    ----
   PDATA SIZE       =   ----    ----
   DATA SIZE        =   ----    ----
   IDATA SIZE       =   ----    ----
   BIT SIZE         =   ----    ----
END OF MODULE INFORMATION.


C51 COMPILATION COMPLETE.  0 WARNING(S),  0 ERROR(S)
