C51 COMPILER V9.01   INTERRUPT                                                             05/04/2021 21:30:11 PAGE 1   


C51 COMPILER V9.01, COMPILATION OF MODULE INTERRUPT
OBJECT MODULE PLACED IN Interrupt.OBJ
COMPILER INVOKED BY: D:\Èí¼þ\keil\C51\BIN\C51.EXE Interrupt.c BROWSE DEBUG OBJECTEXTEND

line level    source

   1          #include "Interrupt.h"
   2          
   3          void Timer0_Init()
   4          {
   5   1              TMOD &= 0xF0;
   6   1              TMOD |= 0x01;
   7   1              TL0 = 0x00;
   8   1              TH0 = 0xCA;
   9   1              TF0 = 0;
  10   1              TR0 = 0;
  11   1              ET0=1;
  12   1              EA=1;
  13   1              PT0=1;
  14   1      }
  15          
  16          void Timer1_Init()
  17          {
  18   1              TMOD &= 0x0F;
  19   1              TMOD |= 0x10;
  20   1              TL1 = 0x00;
  21   1              TH1 = 0xDC;
  22   1              TF1 = 0;
  23   1              TR1 = 0;
  24   1              ET1=1;
  25   1              EA=1;
  26   1              PT1=0;
  27   1      }


MODULE INFORMATION:   STATIC OVERLAYABLE
   CODE SIZE        =     46    ----
   CONSTANT SIZE    =   ----    ----
   XDATA SIZE       =   ----    ----
   PDATA SIZE       =   ----    ----
   DATA SIZE        =   ----    ----
   IDATA SIZE       =   ----    ----
   BIT SIZE         =   ----    ----
END OF MODULE INFORMATION.


C51 COMPILATION COMPLETE.  0 WARNING(S),  0 ERROR(S)
