C51 COMPILER V9.01   KEY                                                                   05/15/2021 22:55:16 PAGE 1   


C51 COMPILER V9.01, COMPILATION OF MODULE KEY
OBJECT MODULE PLACED IN Key.OBJ
COMPILER INVOKED BY: D:\Èí¼þ\keil\C51\BIN\C51.EXE Key.c BROWSE DEBUG OBJECTEXTEND

line level    source

   1          #include "Key.h"
   2          
   3          unsigned char RC=0;
   4          
   5          void Key()
   6          {
   7   1              if(KEY!=0x0f&&a==0)
   8   1              {
   9   2                      switch (KEY)
  10   2                      {
  11   3                              case (0x07):RC=1;break;
  12   3                              case (0x0b):RC=2;break;
  13   3                              case (0x0d):RC=3;break;
  14   3                              case (0x0e):RC=4;break;
  15   3                      }
  16   2                      KEY=0xf0;
  17   2                      switch (KEY)
  18   2                      {
  19   3                              case (0x70):RC=RC;break;
  20   3                              case (0xb0):RC=RC+4;break;
  21   3                              case (0xd0):RC=RC+8;break;
  22   3                              case (0xe0):RC=RC+12;break;
  23   3                      }
  24   2                      a=1;
  25   2              }
  26   1      }


MODULE INFORMATION:   STATIC OVERLAYABLE
   CODE SIZE        =     89    ----
   CONSTANT SIZE    =   ----    ----
   XDATA SIZE       =   ----    ----
   PDATA SIZE       =   ----    ----
   DATA SIZE        =      1    ----
   IDATA SIZE       =   ----    ----
   BIT SIZE         =   ----    ----
END OF MODULE INFORMATION.


C51 COMPILATION COMPLETE.  0 WARNING(S),  0 ERROR(S)
