C51 COMPILER V9.01   LCD1602                                                               05/04/2021 21:30:10 PAGE 1   


C51 COMPILER V9.01, COMPILATION OF MODULE LCD1602
OBJECT MODULE PLACED IN lcd1602.OBJ
COMPILER INVOKED BY: D:\Èí¼þ\keil\C51\BIN\C51.EXE lcd1602.c BROWSE DEBUG OBJECTEXTEND

line level    source

   1          #include "lcd1602.h"
   2          
   3          unsigned char Busy()
   4          {
   5   1              bit result;
   6   1              RS=0;
   7   1              RW=1;
   8   1              E=1;
   9   1              _nop_();
  10   1              _nop_();
  11   1              _nop_();
  12   1              _nop_();
  13   1              result=BF;
  14   1              E=0;
  15   1              return result;
  16   1      }
  17          
  18          void Write_Command(unsigned char Command)
  19          {
  20   1              while(Busy()==1);
  21   1              E=0;
  22   1              RS=0;
  23   1              RW=0;
  24   1              _nop_();
  25   1              _nop_();
  26   1              DATA=Command;
  27   1              _nop_();
  28   1              _nop_();
  29   1              _nop_();
  30   1              _nop_();
  31   1              E=1;
  32   1              _nop_();
  33   1              _nop_();
  34   1              _nop_();
  35   1              _nop_();
  36   1              E=0;
  37   1      
  38   1      }
  39          
  40          void Write_Data(unsigned char Data)
  41          {
  42   1              while(Busy()==1);
  43   1              E=0;
  44   1              RS=1;
  45   1              RW=0;
  46   1              DATA=Data;
  47   1              _nop_();
  48   1              _nop_();
  49   1              _nop_();
  50   1              _nop_();
  51   1              E=1;
  52   1              Delay(1);
  53   1              _nop_();
  54   1              _nop_();
  55   1              _nop_();
C51 COMPILER V9.01   LCD1602                                                               05/04/2021 21:30:10 PAGE 2   

  56   1              _nop_();
  57   1              E=0;
  58   1      }
  59          
  60          void lcd1602_Init()
  61          {
  62   1              Delay(15);
  63   1              Write_Command(0x38);
  64   1              Delay(5);
  65   1              Write_Command(0x01);
  66   1              Delay(5);
  67   1              Write_Command(0x06);
  68   1              Delay(5);
  69   1              Write_Command(0x0c);
  70   1              Delay(5);
  71   1              Write_Command(0x80);
  72   1              Delay(5);
  73   1      }
  74          
  75          void Show_Data(unsigned row, column, content)
  76          {
  77   1              switch (row)
  78   1              {
  79   2                      case 1:column=column-1;break;
  80   2                      case 2:column=column-1+0x40;break;
  81   2              }
  82   1              Write_Command(column|0x80);
  83   1              Write_Data(content);
  84   1      }
  85          
  86          void Show_Str(unsigned row, column, unsigned char str[])
  87          {
  88   1              unsigned char i;
  89   1              for(i=0;str[i]!='\0';i++)
  90   1              {
  91   2                      Show_Data(row, column+i, str[i]);
  92   2              }
  93   1      }
  94          


MODULE INFORMATION:   STATIC OVERLAYABLE
   CODE SIZE        =    245    ----
   CONSTANT SIZE    =   ----    ----
   XDATA SIZE       =   ----    ----
   PDATA SIZE       =   ----    ----
   DATA SIZE        =   ----       8
   IDATA SIZE       =   ----    ----
   BIT SIZE         =   ----       1
END OF MODULE INFORMATION.


C51 COMPILATION COMPLETE.  0 WARNING(S),  0 ERROR(S)
