C51 COMPILER V9.01   MAIN                                                                  10/14/2021 21:35:37 PAGE 1   


C51 COMPILER V9.01, COMPILATION OF MODULE MAIN
OBJECT MODULE PLACED IN main.OBJ
COMPILER INVOKED BY: D:\Èí¼þ\keil\C51\BIN\C51.EXE main.c BROWSE DEBUG OBJECTEXTEND

line level    source

   1          #include <REGX52.H>
   2          
   3          sbit dj_Signal=P2^0;
   4          sbit beep=P1^0;
   5          unsigned char time, dj_Angle, dj_Busy, a, b;
   6          unsigned int dj_RST;
   7          
   8          void delay(unsigned int m)
   9          {
  10   1              unsigned char i, j;
  11   1              while(m--)
  12   1              {
  13   2                      i = 18;
  14   2                      j = 235;
  15   2                      do
  16   2                      {
  17   3                              while (--j);
  18   3                      } while (--i);
  19   2              }
  20   1      }
  21          
  22          void Timer0Init()
  23          {
  24   1              TMOD &= 0xF0;
  25   1              TMOD |= 0x01;
  26   1              TL0 = (65536-100)%256;  
  27   1              TH0 = (65536-100)/256;  
  28   1              TF0 = 0;
  29   1              TR0 = 1;
  30   1              ET0=1;
  31   1              EA=1;
  32   1              PT0=1;
  33   1      }
  34          
  35          void CK_Init()
  36          {
  37   1              SCON=0x50;
  38   1              PCON|=0x80;
  39   1              TMOD&=0x0f;
  40   1              TMOD|=0x20;
  41   1              TH1=0xfa;
  42   1              TL1=0xfa;
  43   1              ET1=0;
  44   1              TR1=1;
  45   1              ES=1;
  46   1              EA=1;
  47   1              PS=0;
  48   1      }
  49          
  50          void CK_send(unsigned char i)
  51          {
  52   1              SBUF=i;
  53   1              while(!TI);
  54   1              TI=0;
  55   1      }
C51 COMPILER V9.01   MAIN                                                                  10/14/2021 21:35:37 PAGE 2   

  56          
  57          void main()
  58          {
  59   1              a=0;
  60   1              b=0;
  61   1              beep=1;
  62   1              dj_Signal=0;
  63   1              time=0;
  64   1              dj_Angle=21;
  65   1              dj_Busy=1;
  66   1              dj_RST=0;
  67   1              Timer0Init();
  68   1              CK_Init();
  69   1              while(1)
  70   1              {
  71   2                      if(SBUF>=0xe7&&dj_Busy==1)
  72   2                      {
  73   3                              beep=0;
  74   3                              delay(6);
  75   3                              beep=1;
  76   3                              delay(75);
  77   3                              a=0;
  78   3                              dj_Signal=0;
  79   3                              time=0;
  80   3                              dj_Angle=SBUF-0xe6;
  81   3                              dj_Busy=0;
  82   3                              TR0=1;          
  83   3                      }
  84   2                      if(dj_Angle!=21&&a==1)
  85   2                      {
  86   3                              delay(40);
  87   3                              beep=0;
  88   3                              delay(6);
  89   3                              beep=1;
  90   3                              dj_RST=0;
  91   3                      }
  92   2                      if(dj_Angle==21&&b==1)
  93   2                      {
  94   3                              delay(100);
  95   3                              b=0;
  96   3                              TR0=0;
  97   3                      }       
  98   2              }
  99   1      }
 100          
 101          void dj_PWM () interrupt 1
 102          {
 103   1              TL0 = (65536-100)%256;  
 104   1              TH0 = (65536-100)/256;
 105   1              time++;
 106   1              dj_RST++;
 107   1              if(time<=dj_Angle)  //4,9,13,17,21
 108   1              {
 109   2                      dj_Signal=1;
 110   2              }
 111   1              else
 112   1              {
 113   2                      dj_Signal=0;
 114   2              }
 115   1              if(time==168)
 116   1              {
 117   2                      time=0;
C51 COMPILER V9.01   MAIN                                                                  10/14/2021 21:35:37 PAGE 3   

 118   2                      if(dj_Angle!=21)
 119   2                      {
 120   3                              a++;
 121   3                              if(a>=2)
 122   3                              {
 123   4                                      a=2;
 124   4                              }
 125   3                      }
 126   2                      else
 127   2                      {
 128   3                              b++;
 129   3                              if(b>=2)
 130   3                              {
 131   4                                      b=2;
 132   4                              }
 133   3                      }
 134   2              }
 135   1              if(dj_RST==30000)
 136   1              {
 137   2                      dj_RST=0;
 138   2                      dj_Angle=21;
 139   2              }
 140   1      }
 141          
 142          void __CK() interrupt 4
 143          {
 144   1              if(RI==1)
 145   1              {
 146   2                      CK_send(SBUF);
 147   2                      RI=0;
 148   2                      dj_Busy=1;
 149   2              }
 150   1      }


MODULE INFORMATION:   STATIC OVERLAYABLE
   CODE SIZE        =    330    ----
   CONSTANT SIZE    =   ----    ----
   XDATA SIZE       =   ----    ----
   PDATA SIZE       =   ----    ----
   DATA SIZE        =      7    ----
   IDATA SIZE       =   ----    ----
   BIT SIZE         =   ----    ----
END OF MODULE INFORMATION.


C51 COMPILATION COMPLETE.  0 WARNING(S),  0 ERROR(S)
